{
	Tue Jun 27 2023 20:2:34 
	[success] 
	info: Database Connection Successful
}
{
	Tue Jun 27 2023 20:2:34 
	[success] 
	info: Application Listening at port 5000
}
{
	Tue Jun 27 2023 20:4:38 
	[success] 
	info: Database Connection Successful
}
{
	Tue Jun 27 2023 20:4:38 
	[success] 
	info: Application Listening at port 5000
}
{
	Tue Jun 27 2023 20:30:33 
	[success] 
	info: Database Connection Successful
}
{
	Tue Jun 27 2023 20:30:33 
	[success] 
	info: Application Listening at port 5000
}
{
	Tue Jun 27 2023 20:31:58 
	[success] 
	info: Database Connection Successful
}
{
	Tue Jun 27 2023 20:31:58 
	[success] 
	info: Application Listening at port 5000
}
{
	Tue Jun 27 2023 20:33:12 
	[success] 
	info: Database Connection Successful
}
{
	Tue Jun 27 2023 20:33:12 
	[success] 
	info: Application Listening at port 5000
}
{
	Tue Jun 27 2023 20:34:52 
	[success] 
	info: Database Connection Successful
}
{
	Tue Jun 27 2023 20:34:52 
	[success] 
	info: Application Listening at port 5000
}
{
	Tue Jun 27 2023 20:34:56 
	[success] 
	info: Database Connection Successful
}
{
	Tue Jun 27 2023 20:34:57 
	[success] 
	info: Application Listening at port 5000
}
{
	Tue Jun 27 2023 20:35:15 
	[success] 
	info: Database Connection Successful
}
{
	Tue Jun 27 2023 20:35:15 
	[success] 
	info: Application Listening at port 5000
}
{
	Tue Jun 27 2023 20:36:11 
	[success] 
	info: Database Connection Successful
}
{
	Tue Jun 27 2023 20:36:11 
	[success] 
	info: Application Listening at port 5000
}
