{
	Wed Jun 28 2023 23:5:39 
	[success] 
	info: Database Connection Successful
}
{
	Wed Jun 28 2023 23:5:39 
	[success] 
	info: Application Listening at port 5000
}
{
	Wed Jun 28 2023 23:8:49 
	[success] 
	info: Database Connection Successful
}
{
	Wed Jun 28 2023 23:8:49 
	[success] 
	info: Application Listening at port 5000
}
{
	Wed Jun 28 2023 23:11:17 
	[success] 
	info: Database Connection Successful
}
{
	Wed Jun 28 2023 23:11:17 
	[success] 
	info: Application Listening at port 5000
}
{
	Wed Jun 28 2023 23:23:22 
	[success] 
	info: Database Connection Successful
}
{
	Wed Jun 28 2023 23:23:22 
	[success] 
	info: Application Listening at port 5000
}
{
	Wed Jun 28 2023 23:23:38 
	[success] 
	info: Database Connection Successful
}
{
	Wed Jun 28 2023 23:23:38 
	[success] 
	info: Application Listening at port 5000
}
{
	Wed Jun 28 2023 23:27:6 
	[success] 
	info: Database Connection Successful
}
{
	Wed Jun 28 2023 23:27:6 
	[success] 
	info: Application Listening at port 5000
}
{
	Wed Jun 28 2023 23:29:32 
	[success] 
	info: Database Connection Successful
}
{
	Wed Jun 28 2023 23:29:32 
	[success] 
	info: Application Listening at port 5000
}
