{
	Mon Jun 26 2023 2:18:35 
	[success] 
	info: Database Connection Successful
}
{
	Mon Jun 26 2023 2:18:35 
	[success] 
	info: Application Listening at port 5000
}
{
	Mon Jun 26 2023 2:19:55 
	[success] 
	info: Database Connection Successful
}
{
	Mon Jun 26 2023 2:19:55 
	[success] 
	info: Application Listening at port 5000
}
{
	Mon Jun 26 2023 2:22:44 
	[success] 
	info: Database Connection Successful
}
{
	Mon Jun 26 2023 2:22:44 
	[success] 
	info: Application Listening at port 5000
}
{
	Mon Jun 26 2023 2:26:34 
	[success] 
	info: Database Connection Successful
}
{
	Mon Jun 26 2023 2:26:34 
	[success] 
	info: Application Listening at port 5000
}
{
	Mon Jun 26 2023 2:26:51 
	[success] 
	info: Database Connection Successful
}
{
	Mon Jun 26 2023 2:26:51 
	[success] 
	info: Application Listening at port 5000
}
