{
	Wed Jun 28 2023 19:10:19 
	[success] 
	info: Database Connection Successful
}
{
	Wed Jun 28 2023 19:10:19 
	[success] 
	info: Application Listening at port 5000
}
{
	Wed Jun 28 2023 19:15:59 
	[success] 
	info: Database Connection Successful
}
{
	Wed Jun 28 2023 19:15:59 
	[success] 
	info: Application Listening at port 5000
}
{
	Wed Jun 28 2023 19:18:57 
	[success] 
	info: Database Connection Successful
}
{
	Wed Jun 28 2023 19:18:57 
	[success] 
	info: Application Listening at port 5000
}
{
	Wed Jun 28 2023 19:19:3 
	[success] 
	info: Database Connection Successful
}
{
	Wed Jun 28 2023 19:19:3 
	[success] 
	info: Application Listening at port 5000
}
{
	Wed Jun 28 2023 19:33:12 
	[success] 
	info: Database Connection Successful
}
{
	Wed Jun 28 2023 19:33:12 
	[success] 
	info: Application Listening at port 5000
}
{
	Wed Jun 28 2023 19:34:7 
	[success] 
	info: Database Connection Successful
}
{
	Wed Jun 28 2023 19:34:7 
	[success] 
	info: Application Listening at port 5000
}
{
	Wed Jun 28 2023 19:35:20 
	[success] 
	info: Database Connection Successful
}
{
	Wed Jun 28 2023 19:35:20 
	[success] 
	info: Application Listening at port 5000
}
{
	Wed Jun 28 2023 19:36:52 
	[success] 
	info: Database Connection Successful
}
{
	Wed Jun 28 2023 19:36:52 
	[success] 
	info: Application Listening at port 5000
}
{
	Wed Jun 28 2023 19:38:35 
	[success] 
	info: Database Connection Successful
}
{
	Wed Jun 28 2023 19:38:35 
	[success] 
	info: Application Listening at port 5000
}
{
	Wed Jun 28 2023 19:39:27 
	[success] 
	info: Database Connection Successful
}
{
	Wed Jun 28 2023 19:39:27 
	[success] 
	info: Application Listening at port 5000
}
{
	Wed Jun 28 2023 19:40:30 
	[success] 
	info: Database Connection Successful
}
{
	Wed Jun 28 2023 19:40:30 
	[success] 
	info: Application Listening at port 5000
}
{
	Wed Jun 28 2023 19:40:44 
	[success] 
	info: Database Connection Successful
}
{
	Wed Jun 28 2023 19:40:44 
	[success] 
	info: Application Listening at port 5000
}
{
	Wed Jun 28 2023 19:45:51 
	[success] 
	info: Database Connection Successful
}
{
	Wed Jun 28 2023 19:45:51 
	[success] 
	info: Application Listening at port 5000
}
{
	Wed Jun 28 2023 19:45:59 
	[success] 
	info: Database Connection Successful
}
{
	Wed Jun 28 2023 19:45:59 
	[success] 
	info: Application Listening at port 5000
}
{
	Wed Jun 28 2023 19:57:8 
	[success] 
	info: Database Connection Successful
}
{
	Wed Jun 28 2023 19:57:8 
	[success] 
	info: Application Listening at port 5000
}
{
	Wed Jun 28 2023 19:57:22 
	[success] 
	info: Database Connection Successful
}
{
	Wed Jun 28 2023 19:57:22 
	[success] 
	info: Application Listening at port 5000
}
