{
	Mon Jun 26 2023 17:10:11 
	[success] 
	info: Database Connection Successful
}
{
	Mon Jun 26 2023 17:10:11 
	[success] 
	info: Application Listening at port 5000
}
{
	Mon Jun 26 2023 17:13:32 
	[success] 
	info: Database Connection Successful
}
{
	Mon Jun 26 2023 17:13:32 
	[success] 
	info: Application Listening at port 5000
}
{
	Mon Jun 26 2023 17:13:50 
	[success] 
	info: Database Connection Successful
}
{
	Mon Jun 26 2023 17:13:50 
	[success] 
	info: Application Listening at port 5000
}
{
	Mon Jun 26 2023 17:23:49 
	[success] 
	info: Database Connection Successful
}
{
	Mon Jun 26 2023 17:23:49 
	[success] 
	info: Application Listening at port 5000
}
{
	Mon Jun 26 2023 17:24:43 
	[success] 
	info: Database Connection Successful
}
{
	Mon Jun 26 2023 17:24:43 
	[success] 
	info: Application Listening at port 5000
}
{
	Mon Jun 26 2023 17:38:39 
	[success] 
	info: Database Connection Successful
}
{
	Mon Jun 26 2023 17:38:39 
	[success] 
	info: Application Listening at port 5000
}
{
	Mon Jun 26 2023 17:39:24 
	[success] 
	info: Database Connection Successful
}
{
	Mon Jun 26 2023 17:39:24 
	[success] 
	info: Application Listening at port 5000
}
{
	Mon Jun 26 2023 17:39:49 
	[success] 
	info: Database Connection Successful
}
{
	Mon Jun 26 2023 17:39:49 
	[success] 
	info: Application Listening at port 5000
}
