{
	Sat Jun 24 2023 21:0:3 
	[success] 
	info: Database Connection Successful
}
{
	Sat Jun 24 2023 21:0:3 
	[success] 
	info: Application Listening at port 5000
}
{
	Sat Jun 24 2023 21:22:12 
	[success] 
	info: Database Connection Successful
}
{
	Sat Jun 24 2023 21:22:12 
	[success] 
	info: Application Listening at port 5000
}
{
	Sat Jun 24 2023 21:23:30 
	[success] 
	info: Database Connection Successful
}
{
	Sat Jun 24 2023 21:23:30 
	[success] 
	info: Application Listening at port 5000
}
{
	Sat Jun 24 2023 21:33:34 
	[success] 
	info: Database Connection Successful
}
{
	Sat Jun 24 2023 21:33:34 
	[success] 
	info: Application Listening at port 5000
}
{
	Sat Jun 24 2023 21:33:47 
	[success] 
	info: Database Connection Successful
}
{
	Sat Jun 24 2023 21:33:47 
	[success] 
	info: Application Listening at port 5000
}
{
	Sat Jun 24 2023 21:34:4 
	[success] 
	info: Database Connection Successful
}
{
	Sat Jun 24 2023 21:34:4 
	[success] 
	info: Application Listening at port 5000
}
