{
	Sat Jul 01 2023 12:1:13 
	[success] 
	info: Database Connection Successful
}
{
	Sat Jul 01 2023 12:1:13 
	[success] 
	info: Application Listening at port 5000
}
{
	Sat Jul 01 2023 12:2:36 
	[success] 
	info: Database Connection Successful
}
{
	Sat Jul 01 2023 12:2:36 
	[success] 
	info: Application Listening at port 5000
}
{
	Sat Jul 01 2023 12:6:40 
	[success] 
	info: Database Connection Successful
}
{
	Sat Jul 01 2023 12:6:40 
	[success] 
	info: Application Listening at port 5000
}
{
	Sat Jul 01 2023 12:23:27 
	[success] 
	info: Database Connection Successful
}
{
	Sat Jul 01 2023 12:23:27 
	[success] 
	info: Application Listening at port 5000
}
{
	Sat Jul 01 2023 12:24:33 
	[success] 
	info: Database Connection Successful
}
{
	Sat Jul 01 2023 12:24:33 
	[success] 
	info: Application Listening at port 5000
}
{
	Sat Jul 01 2023 12:27:54 
	[success] 
	info: Database Connection Successful
}
{
	Sat Jul 01 2023 12:27:54 
	[success] 
	info: Application Listening at port 5000
}
{
	Sat Jul 01 2023 12:28:51 
	[success] 
	info: Database Connection Successful
}
{
	Sat Jul 01 2023 12:28:51 
	[success] 
	info: Application Listening at port 5000
}
{
	Sat Jul 01 2023 12:30:15 
	[success] 
	info: Database Connection Successful
}
{
	Sat Jul 01 2023 12:30:15 
	[success] 
	info: Application Listening at port 5000
}
{
	Sat Jul 01 2023 12:30:29 
	[success] 
	info: Database Connection Successful
}
{
	Sat Jul 01 2023 12:30:29 
	[success] 
	info: Application Listening at port 5000
}
{
	Sat Jul 01 2023 12:31:14 
	[success] 
	info: Database Connection Successful
}
{
	Sat Jul 01 2023 12:31:14 
	[success] 
	info: Application Listening at port 5000
}
