{
	Sat Jun 24 2023 23:0:20 
	[success] 
	info: Database Connection Successful
}
{
	Sat Jun 24 2023 23:0:20 
	[success] 
	info: Application Listening at port 5000
}
{
	Sat Jun 24 2023 23:34:43 
	[success] 
	info: Database Connection Successful
}
{
	Sat Jun 24 2023 23:34:43 
	[success] 
	info: Application Listening at port 5000
}
{
	Sat Jun 24 2023 23:35:42 
	[success] 
	info: Database Connection Successful
}
{
	Sat Jun 24 2023 23:35:42 
	[success] 
	info: Application Listening at port 5000
}
{
	Sat Jun 24 2023 23:51:15 
	[success] 
	info: Database Connection Successful
}
{
	Sat Jun 24 2023 23:51:15 
	[success] 
	info: Application Listening at port 5000
}
{
	Sat Jun 24 2023 23:51:40 
	[success] 
	info: Database Connection Successful
}
{
	Sat Jun 24 2023 23:51:40 
	[success] 
	info: Application Listening at port 5000
}
{
	Sat Jun 24 2023 23:51:49 
	[success] 
	info: Database Connection Successful
}
{
	Sat Jun 24 2023 23:51:49 
	[success] 
	info: Application Listening at port 5000
}
{
	Sat Jun 24 2023 23:52:19 
	[success] 
	info: Database Connection Successful
}
{
	Sat Jun 24 2023 23:52:19 
	[success] 
	info: Application Listening at port 5000
}
{
	Sat Jun 24 2023 23:52:24 
	[success] 
	info: Database Connection Successful
}
{
	Sat Jun 24 2023 23:52:24 
	[success] 
	info: Application Listening at port 5000
}
{
	Sat Jun 24 2023 23:53:27 
	[success] 
	info: Database Connection Successful
}
{
	Sat Jun 24 2023 23:53:27 
	[success] 
	info: Application Listening at port 5000
}
{
	Sat Jun 24 2023 23:53:50 
	[success] 
	info: Database Connection Successful
}
{
	Sat Jun 24 2023 23:53:50 
	[success] 
	info: Application Listening at port 5000
}
{
	Sat Jun 24 2023 23:55:12 
	[success] 
	info: Database Connection Successful
}
{
	Sat Jun 24 2023 23:55:12 
	[success] 
	info: Application Listening at port 5000
}
{
	Sat Jun 24 2023 23:57:17 
	[success] 
	info: Database Connection Successful
}
{
	Sat Jun 24 2023 23:57:17 
	[success] 
	info: Application Listening at port 5000
}
{
	Sat Jun 24 2023 23:57:23 
	[success] 
	info: Database Connection Successful
}
{
	Sat Jun 24 2023 23:57:23 
	[success] 
	info: Application Listening at port 5000
}
{
	Sat Jun 24 2023 23:57:28 
	[success] 
	info: Database Connection Successful
}
{
	Sat Jun 24 2023 23:57:28 
	[success] 
	info: Application Listening at port 5000
}
{
	Sat Jun 24 2023 23:58:37 
	[success] 
	info: Database Connection Successful
}
{
	Sat Jun 24 2023 23:58:37 
	[success] 
	info: Application Listening at port 5000
}
