{
	Sun Jun 25 2023 9:17:25 
	[success] 
	info: Database Connection Successful
}
{
	Sun Jun 25 2023 9:17:25 
	[success] 
	info: Application Listening at port 5000
}
{
	Sun Jun 25 2023 9:21:6 
	[success] 
	info: Database Connection Successful
}
{
	Sun Jun 25 2023 9:21:6 
	[success] 
	info: Application Listening at port 5000
}
{
	Sun Jun 25 2023 9:22:6 
	[success] 
	info: Database Connection Successful
}
{
	Sun Jun 25 2023 9:22:6 
	[success] 
	info: Application Listening at port 5000
}
{
	Sun Jun 25 2023 9:29:47 
	[success] 
	info: Database Connection Successful
}
{
	Sun Jun 25 2023 9:29:47 
	[success] 
	info: Application Listening at port 5000
}
{
	Sun Jun 25 2023 9:31:5 
	[success] 
	info: Database Connection Successful
}
{
	Sun Jun 25 2023 9:31:5 
	[success] 
	info: Application Listening at port 5000
}
