{
	Sat Jun 24 2023 10:31:59 
	[success] 
	info: Database Connection Successful
}
{
	Sat Jun 24 2023 10:31:59 
	[success] 
	info: Application Listening at port 5000
}
{
	Sat Jun 24 2023 10:33:59 
	[success] 
	info: Database Connection Successful
}
{
	Sat Jun 24 2023 10:33:59 
	[success] 
	info: Application Listening at port 5000
}
{
	Sat Jun 24 2023 10:34:36 
	[success] 
	info: Database Connection Successful
}
{
	Sat Jun 24 2023 10:34:36 
	[success] 
	info: Application Listening at port 5000
}
{
	Sat Jun 24 2023 10:40:26 
	[success] 
	info: Database Connection Successful
}
{
	Sat Jun 24 2023 10:40:26 
	[success] 
	info: Application Listening at port 5000
}
{
	Sat Jun 24 2023 10:41:2 
	[success] 
	info: Database Connection Successful
}
{
	Sat Jun 24 2023 10:41:2 
	[success] 
	info: Application Listening at port 5000
}
{
	Sat Jun 24 2023 10:41:53 
	[success] 
	info: Database Connection Successful
}
{
	Sat Jun 24 2023 10:41:53 
	[success] 
	info: Application Listening at port 5000
}
{
	Sat Jun 24 2023 10:42:15 
	[success] 
	info: Database Connection Successful
}
{
	Sat Jun 24 2023 10:42:15 
	[success] 
	info: Application Listening at port 5000
}
{
	Sat Jun 24 2023 10:45:27 
	[success] 
	info: Database Connection Successful
}
{
	Sat Jun 24 2023 10:45:27 
	[success] 
	info: Application Listening at port 5000
}
{
	Sat Jun 24 2023 10:47:14 
	[success] 
	info: Database Connection Successful
}
{
	Sat Jun 24 2023 10:47:14 
	[success] 
	info: Application Listening at port 5000
}
{
	Sat Jun 24 2023 10:47:27 
	[success] 
	info: Database Connection Successful
}
{
	Sat Jun 24 2023 10:47:27 
	[success] 
	info: Application Listening at port 5000
}
