{
	Sat Jun 24 2023 15:15:57 
	[success] 
	info: Database Connection Successful
}
{
	Sat Jun 24 2023 15:15:57 
	[success] 
	info: Application Listening at port 5000
}
{
	Sat Jun 24 2023 15:16:37 
	[success] 
	info: Database Connection Successful
}
{
	Sat Jun 24 2023 15:16:37 
	[success] 
	info: Application Listening at port 5000
}
{
	Sat Jun 24 2023 15:23:12 
	[success] 
	info: Database Connection Successful
}
{
	Sat Jun 24 2023 15:23:12 
	[success] 
	info: Application Listening at port 5000
}
{
	Sat Jun 24 2023 15:24:19 
	[success] 
	info: Database Connection Successful
}
{
	Sat Jun 24 2023 15:24:19 
	[success] 
	info: Application Listening at port 5000
}
{
	Sat Jun 24 2023 15:24:44 
	[success] 
	info: Database Connection Successful
}
{
	Sat Jun 24 2023 15:24:44 
	[success] 
	info: Application Listening at port 5000
}
{
	Sat Jun 24 2023 15:25:22 
	[success] 
	info: Database Connection Successful
}
{
	Sat Jun 24 2023 15:25:22 
	[success] 
	info: Application Listening at port 5000
}
