{
	Sun Jun 25 2023 0:3:19 
	[success] 
	info: Database Connection Successful
}
{
	Sun Jun 25 2023 0:3:19 
	[success] 
	info: Application Listening at port 5000
}
{
	Sun Jun 25 2023 0:4:13 
	[success] 
	info: Database Connection Successful
}
{
	Sun Jun 25 2023 0:4:13 
	[success] 
	info: Application Listening at port 5000
}
{
	Sun Jun 25 2023 0:8:6 
	[success] 
	info: Database Connection Successful
}
{
	Sun Jun 25 2023 0:8:6 
	[success] 
	info: Application Listening at port 5000
}
{
	Sun Jun 25 2023 0:11:58 
	[success] 
	info: Database Connection Successful
}
{
	Sun Jun 25 2023 0:11:58 
	[success] 
	info: Application Listening at port 5000
}
{
	Sun Jun 25 2023 0:12:8 
	[success] 
	info: Database Connection Successful
}
{
	Sun Jun 25 2023 0:12:8 
	[success] 
	info: Application Listening at port 5000
}
{
	Sun Jun 25 2023 0:12:52 
	[success] 
	info: Database Connection Successful
}
{
	Sun Jun 25 2023 0:12:52 
	[success] 
	info: Application Listening at port 5000
}
{
	Sun Jun 25 2023 0:14:20 
	[success] 
	info: Database Connection Successful
}
{
	Sun Jun 25 2023 0:14:20 
	[success] 
	info: Application Listening at port 5000
}
{
	Sun Jun 25 2023 0:14:23 
	[success] 
	info: Database Connection Successful
}
{
	Sun Jun 25 2023 0:14:23 
	[success] 
	info: Application Listening at port 5000
}
{
	Sun Jun 25 2023 0:16:58 
	[success] 
	info: Database Connection Successful
}
{
	Sun Jun 25 2023 0:16:58 
	[success] 
	info: Application Listening at port 5000
}
{
	Sun Jun 25 2023 0:17:42 
	[success] 
	info: Database Connection Successful
}
{
	Sun Jun 25 2023 0:17:42 
	[success] 
	info: Application Listening at port 5000
}
{
	Sun Jun 25 2023 0:18:12 
	[success] 
	info: Database Connection Successful
}
{
	Sun Jun 25 2023 0:18:12 
	[success] 
	info: Application Listening at port 5000
}
{
	Sun Jun 25 2023 0:18:21 
	[success] 
	info: Database Connection Successful
}
{
	Sun Jun 25 2023 0:18:21 
	[success] 
	info: Application Listening at port 5000
}
{
	Sun Jun 25 2023 0:19:26 
	[success] 
	info: Database Connection Successful
}
{
	Sun Jun 25 2023 0:19:26 
	[success] 
	info: Application Listening at port 5000
}
