{
	Sat Jun 24 2023 12:2:47 
	[success] 
	info: Database Connection Successful
}
{
	Sat Jun 24 2023 12:2:47 
	[success] 
	info: Application Listening at port 5000
}
{
	Sat Jun 24 2023 12:7:14 
	[success] 
	info: Database Connection Successful
}
{
	Sat Jun 24 2023 12:7:14 
	[success] 
	info: Application Listening at port 5000
}
{
	Sat Jun 24 2023 12:8:11 
	[success] 
	info: Database Connection Successful
}
{
	Sat Jun 24 2023 12:8:11 
	[success] 
	info: Application Listening at port 5000
}
{
	Sat Jun 24 2023 12:8:33 
	[success] 
	info: Database Connection Successful
}
{
	Sat Jun 24 2023 12:8:33 
	[success] 
	info: Application Listening at port 5000
}
{
	Sat Jun 24 2023 12:10:24 
	[success] 
	info: Database Connection Successful
}
{
	Sat Jun 24 2023 12:10:24 
	[success] 
	info: Application Listening at port 5000
}
{
	Sat Jun 24 2023 12:11:10 
	[success] 
	info: Database Connection Successful
}
{
	Sat Jun 24 2023 12:11:10 
	[success] 
	info: Application Listening at port 5000
}
{
	Sat Jun 24 2023 12:11:23 
	[success] 
	info: Database Connection Successful
}
{
	Sat Jun 24 2023 12:11:23 
	[success] 
	info: Application Listening at port 5000
}
{
	Sat Jun 24 2023 12:11:35 
	[success] 
	info: Database Connection Successful
}
{
	Sat Jun 24 2023 12:11:35 
	[success] 
	info: Application Listening at port 5000
}
